1613827139750|3|statement|connection 0|select * from INFORMATION_SCHEMA.SEQUENCES|
1613827140227|1|statement|connection 0|drop table if exists customer CASCADE |
1613827140231|3|statement|connection 0|drop table if exists user CASCADE |
1613827140232|0|statement|connection 0|drop sequence if exists hibernate_sequence|
1613827140234|0|statement|connection 0|create sequence hibernate_sequence start with 1 increment by 1|
1613827140236|1|statement|connection 0|create table customer (id bigint not null, city varchar(255), country_id bigint, street_address varchar(255), name varchar(255), primary key (id))|
1613827140238|1|statement|connection 0|create table user (id bigint not null, username varchar(255), primary key (id))|
1613827234225|6|statement|connection 0|select * from INFORMATION_SCHEMA.SEQUENCES|
1613827234677|2|statement|connection 0|drop table if exists customer CASCADE |
1613827234678|0|statement|connection 0|drop table if exists user CASCADE |
1613827234679|0|statement|connection 0|drop sequence if exists hibernate_sequence|
1613827234682|0|statement|connection 0|create sequence hibernate_sequence start with 1 increment by 1|
1613827234683|1|statement|connection 0|create table customer (id bigint not null, city varchar(255), country_id bigint, street_address varchar(255), name varchar(255), primary key (id))|
1613827234684|0|statement|connection 0|create table user (id bigint not null, username varchar(255), primary key (id))|
1613827421640|3|statement|connection 0|select * from INFORMATION_SCHEMA.SEQUENCES|
1613827422118|3|statement|connection 0|drop table if exists customer CASCADE |
1613827422120|1|statement|connection 0|drop table if exists user CASCADE |
1613827422121|0|statement|connection 0|drop sequence if exists hibernate_sequence|
1613827422123|0|statement|connection 0|create sequence hibernate_sequence start with 1 increment by 1|
1613827422125|1|statement|connection 0|create table customer (id bigint not null, city varchar(255), country_id bigint, street_address varchar(255), name varchar(255), primary key (id))|
1613827422126|0|statement|connection 0|create table user (id bigint not null, username varchar(255), primary key (id))|
1613827422372|1|statement|connection 0|call next value for hibernate_sequence|call next value for hibernate_sequence
1613827422397|0|statement|connection 0|insert into user (username, id) values (?, ?)|insert into user (username, id) values ('eric', 1)
1613827422399|0|commit|connection 0||
1613827422400|0|statement|connection 0|call next value for hibernate_sequence|call next value for hibernate_sequence
1613827422402|0|statement|connection 0|insert into user (username, id) values (?, ?)|insert into user (username, id) values ('vaughn', 2)
1613827422402|0|commit|connection 0||
1613827422403|0|statement|connection 0|call next value for hibernate_sequence|call next value for hibernate_sequence
1613827422405|0|statement|connection 0|insert into user (username, id) values (?, ?)|insert into user (username, id) values ('greg', 3)
1613827422405|0|commit|connection 0||
1613827422406|0|statement|connection 0|call next value for hibernate_sequence|call next value for hibernate_sequence
1613827422407|0|statement|connection 0|insert into user (username, id) values (?, ?)|insert into user (username, id) values ('scott', 4)
1613827422407|0|commit|connection 0||
1613827539785|4|statement|connection 0|select * from INFORMATION_SCHEMA.SEQUENCES|
1613827540248|2|statement|connection 0|drop table if exists customer CASCADE |
1613827540249|0|statement|connection 0|drop table if exists user CASCADE |
1613827540252|1|statement|connection 0|create table customer (id bigint not null, city varchar(255), country_id bigint, street_address varchar(255), name varchar(255), primary key (id))|
1613827540253|0|statement|connection 0|create table user (id bigint not null, username varchar(255), primary key (id))|
1613827540522|0|rollback|connection 0||
1613827586527|3|statement|connection 0|select * from INFORMATION_SCHEMA.SEQUENCES|
1613827586992|1|statement|connection 0|drop table if exists customer CASCADE |
1613827586993|0|statement|connection 0|drop table if exists user CASCADE |
1613827586996|0|statement|connection 0|create table customer (id bigint not null, city varchar(255), country_id bigint, street_address varchar(255), name varchar(255), primary key (id))|
1613827586997|0|statement|connection 0|create table user (id bigint not null, username varchar(255), primary key (id))|
1613827587244|0|rollback|connection 0||
1613827718372|2|statement|connection 0|select * from INFORMATION_SCHEMA.SEQUENCES|
1613828104996|3|statement|connection 0|select * from INFORMATION_SCHEMA.SEQUENCES|
1613828116952|2|statement|connection 0|select * from INFORMATION_SCHEMA.SEQUENCES|
1613828117451|2|statement|connection 0|drop table if exists customer CASCADE |
1613828117452|0|statement|connection 0|drop table if exists user CASCADE |
1613828117455|0|statement|connection 0|create table customer (id bigint not null, city varchar(255), country_id bigint, street_address varchar(255), name varchar(255), primary key (id))|
1613828117456|1|statement|connection 0|create table user (uuid varchar(255) not null, username varchar(255), primary key (uuid))|
1613828117717|0|rollback|connection 0||
1613828146985|2|statement|connection 0|select * from INFORMATION_SCHEMA.SEQUENCES|
1613828147446|2|statement|connection 0|drop table if exists customer CASCADE |
1613828147447|1|statement|connection 0|drop table if exists user CASCADE |
1613828147450|1|statement|connection 0|create table customer (id bigint not null, city varchar(255), country_id bigint, street_address varchar(255), name varchar(255), primary key (id))|
1613828147452|1|statement|connection 0|create table user (uuid varchar(255) not null, username varchar(255), primary key (uuid))|
1613828147711|0|rollback|connection 0||
1613828165431|3|statement|connection 0|select * from INFORMATION_SCHEMA.SEQUENCES|
1613828165889|1|statement|connection 0|drop table if exists customer CASCADE |
1613828165890|0|statement|connection 0|drop table if exists user CASCADE |
1613828165892|0|statement|connection 0|create table customer (id bigint not null, city varchar(255), country_id bigint, street_address varchar(255), name varchar(255), primary key (id))|
1613828165893|0|statement|connection 0|create table user (uuid varchar(255) not null, username varchar(255), primary key (uuid))|
1613828166157|1|statement|connection 0|select user0_.uuid as uuid1_1_0_, user0_.username as username2_1_0_ from user user0_ where user0_.uuid=?|select user0_.uuid as uuid1_1_0_, user0_.username as username2_1_0_ from user user0_ where user0_.uuid='485dcdf4-a2d1-4b4a-9d53-8e4884f1a93d'
1613828166179|1|statement|connection 0|insert into user (username, uuid) values (?, ?)|insert into user (username, uuid) values ('eric', '485dcdf4-a2d1-4b4a-9d53-8e4884f1a93d')
1613828166181|0|commit|connection 0||
1613828166183|0|statement|connection 0|select user0_.uuid as uuid1_1_0_, user0_.username as username2_1_0_ from user user0_ where user0_.uuid=?|select user0_.uuid as uuid1_1_0_, user0_.username as username2_1_0_ from user user0_ where user0_.uuid='f2d369bb-87ad-4dd7-b413-7411d31ec604'
1613828166184|0|statement|connection 0|insert into user (username, uuid) values (?, ?)|insert into user (username, uuid) values ('vaughn', 'f2d369bb-87ad-4dd7-b413-7411d31ec604')
1613828166184|0|commit|connection 0||
1613828166186|0|statement|connection 0|select user0_.uuid as uuid1_1_0_, user0_.username as username2_1_0_ from user user0_ where user0_.uuid=?|select user0_.uuid as uuid1_1_0_, user0_.username as username2_1_0_ from user user0_ where user0_.uuid='87f8bccd-16d6-4980-bf9d-93203cb11a11'
1613828166186|0|statement|connection 0|insert into user (username, uuid) values (?, ?)|insert into user (username, uuid) values ('greg', '87f8bccd-16d6-4980-bf9d-93203cb11a11')
1613828166187|0|commit|connection 0||
1613828166188|0|statement|connection 0|select user0_.uuid as uuid1_1_0_, user0_.username as username2_1_0_ from user user0_ where user0_.uuid=?|select user0_.uuid as uuid1_1_0_, user0_.username as username2_1_0_ from user user0_ where user0_.uuid='981a472e-c6bd-4269-9206-d19861d83f2f'
1613828166190|0|statement|connection 0|insert into user (username, uuid) values (?, ?)|insert into user (username, uuid) values ('scott', '981a472e-c6bd-4269-9206-d19861d83f2f')
1613828166190|0|commit|connection 0||
1613828225990|3|statement|connection 0|select * from INFORMATION_SCHEMA.SEQUENCES|
1613828226461|2|statement|connection 0|drop table if exists customer CASCADE |
1613828226463|1|statement|connection 0|drop table if exists user CASCADE |
1613828226466|0|statement|connection 0|create table customer (id bigint not null, city varchar(255), country_id bigint, street_address varchar(255), name varchar(255), created_by_uuid varchar(255), primary key (id))|
1613828226467|1|statement|connection 0|create table user (uuid varchar(255) not null, username varchar(255), primary key (uuid))|
1613828226474|6|statement|connection 0|alter table customer add constraint FK6u2gv8ronpfeko6fngftma61u foreign key (created_by_uuid) references user|
1613828226739|0|statement|connection 0|select user0_.uuid as uuid1_1_0_, user0_.username as username2_1_0_ from user user0_ where user0_.uuid=?|select user0_.uuid as uuid1_1_0_, user0_.username as username2_1_0_ from user user0_ where user0_.uuid='365f1ee3-0f75-462c-b872-ff9b1efca82f'
1613828226760|0|statement|connection 0|insert into user (username, uuid) values (?, ?)|insert into user (username, uuid) values ('eric', '365f1ee3-0f75-462c-b872-ff9b1efca82f')
1613828226762|0|commit|connection 0||
1613828226764|0|statement|connection 0|select user0_.uuid as uuid1_1_0_, user0_.username as username2_1_0_ from user user0_ where user0_.uuid=?|select user0_.uuid as uuid1_1_0_, user0_.username as username2_1_0_ from user user0_ where user0_.uuid='44f03a97-3900-4c96-bbcc-bf92702c5486'
1613828226765|0|statement|connection 0|insert into user (username, uuid) values (?, ?)|insert into user (username, uuid) values ('vaughn', '44f03a97-3900-4c96-bbcc-bf92702c5486')
1613828226765|0|commit|connection 0||
1613828226766|0|statement|connection 0|select user0_.uuid as uuid1_1_0_, user0_.username as username2_1_0_ from user user0_ where user0_.uuid=?|select user0_.uuid as uuid1_1_0_, user0_.username as username2_1_0_ from user user0_ where user0_.uuid='24d8ddcd-34a2-4a6b-82d2-c18ea18a6409'
1613828226767|0|statement|connection 0|insert into user (username, uuid) values (?, ?)|insert into user (username, uuid) values ('greg', '24d8ddcd-34a2-4a6b-82d2-c18ea18a6409')
1613828226767|0|commit|connection 0||
1613828226768|0|statement|connection 0|select user0_.uuid as uuid1_1_0_, user0_.username as username2_1_0_ from user user0_ where user0_.uuid=?|select user0_.uuid as uuid1_1_0_, user0_.username as username2_1_0_ from user user0_ where user0_.uuid='ccdf64fe-1401-4ae5-8cb7-81eed4410754'
1613828226769|0|statement|connection 0|insert into user (username, uuid) values (?, ?)|insert into user (username, uuid) values ('scott', 'ccdf64fe-1401-4ae5-8cb7-81eed4410754')
1613828226769|0|commit|connection 0||
1613829345527|2|statement|connection 0|select * from INFORMATION_SCHEMA.SEQUENCES|
1613829346022|3|statement|connection 0|drop table if exists customer CASCADE |
1613829346022|0|statement|connection 0|drop table if exists email CASCADE |
1613829346023|0|statement|connection 0|drop table if exists site CASCADE |
1613829346024|0|statement|connection 0|drop table if exists user CASCADE |
1613829346024|0|statement|connection 0|drop sequence if exists hibernate_sequence|
1613829346026|0|statement|connection 0|create sequence hibernate_sequence start with 1 increment by 1|
1613829346027|0|statement|connection 0|create table customer (id bigint not null, city varchar(255), country_id bigint, street_address varchar(255), creation_date date, email varchar(255), name varchar(255), site_id bigint, created_by_uuid varchar(255), primary key (id))|
1613829346028|0|statement|connection 0|create table email (id bigint not null, body varchar(255), from varchar(255), subject varchar(255), to varchar(255), primary key (id))|
1613829346031|0|statement|connection 0|create table site (id bigint not null, name varchar(255), primary key (id))|
1613829346033|1|statement|connection 0|create table user (uuid varchar(255) not null, username varchar(255), primary key (uuid))|
1613829346035|1|statement|connection 0|alter table customer add constraint FK6u2gv8ronpfeko6fngftma61u foreign key (created_by_uuid) references user|
1613829346283|0|statement|connection 0|select user0_.uuid as uuid1_3_0_, user0_.username as username2_3_0_ from user user0_ where user0_.uuid=?|select user0_.uuid as uuid1_3_0_, user0_.username as username2_3_0_ from user user0_ where user0_.uuid='cb93cf6f-fb5b-4255-bd46-2bb73901811b'
1613829346308|0|statement|connection 0|insert into user (username, uuid) values (?, ?)|insert into user (username, uuid) values ('eric', 'cb93cf6f-fb5b-4255-bd46-2bb73901811b')
1613829346311|0|commit|connection 0||
1613829346313|0|statement|connection 0|select user0_.uuid as uuid1_3_0_, user0_.username as username2_3_0_ from user user0_ where user0_.uuid=?|select user0_.uuid as uuid1_3_0_, user0_.username as username2_3_0_ from user user0_ where user0_.uuid='4510cf8b-5e9a-4746-9c1e-aa9868da1676'
1613829346314|0|statement|connection 0|insert into user (username, uuid) values (?, ?)|insert into user (username, uuid) values ('vaughn', '4510cf8b-5e9a-4746-9c1e-aa9868da1676')
1613829346315|0|commit|connection 0||
1613829346316|0|statement|connection 0|select user0_.uuid as uuid1_3_0_, user0_.username as username2_3_0_ from user user0_ where user0_.uuid=?|select user0_.uuid as uuid1_3_0_, user0_.username as username2_3_0_ from user user0_ where user0_.uuid='7eee4f03-d987-4dee-87a4-36edae5e05ef'
1613829346318|0|statement|connection 0|insert into user (username, uuid) values (?, ?)|insert into user (username, uuid) values ('greg', '7eee4f03-d987-4dee-87a4-36edae5e05ef')
1613829346318|0|commit|connection 0||
1613829346320|0|statement|connection 0|select user0_.uuid as uuid1_3_0_, user0_.username as username2_3_0_ from user user0_ where user0_.uuid=?|select user0_.uuid as uuid1_3_0_, user0_.username as username2_3_0_ from user user0_ where user0_.uuid='4e0fa7dd-6191-412f-8ad4-e104f3c28f6a'
1613829346321|0|statement|connection 0|insert into user (username, uuid) values (?, ?)|insert into user (username, uuid) values ('scott', '4e0fa7dd-6191-412f-8ad4-e104f3c28f6a')
1613829346321|0|commit|connection 0||
1613829465262|2|statement|connection 0|select * from INFORMATION_SCHEMA.SEQUENCES|
1613829465719|1|statement|connection 0|drop table if exists customer CASCADE |
1613829465719|0|statement|connection 0|drop table if exists email CASCADE |
1613829465719|0|statement|connection 0|drop table if exists site CASCADE |
1613829465720|0|statement|connection 0|drop table if exists user CASCADE |
1613829465720|0|statement|connection 0|drop sequence if exists hibernate_sequence|
1613829465722|0|statement|connection 0|create sequence hibernate_sequence start with 1 increment by 1|
1613829465723|0|statement|connection 0|create table customer (id bigint not null, city varchar(255), country_id bigint, street_address varchar(255), creation_date date, email varchar(255), name varchar(255), site_id bigint, created_by_uuid varchar(255), primary key (id))|
1613829465724|0|statement|connection 0|create table email (id bigint not null, body varchar(255), from_address varchar(255), subject varchar(255), to_address varchar(255), primary key (id))|
1613829465725|0|statement|connection 0|create table site (id bigint not null, name varchar(255), primary key (id))|
1613829465726|0|statement|connection 0|create table user (uuid varchar(255) not null, username varchar(255), primary key (uuid))|
1613829465727|1|statement|connection 0|alter table customer add constraint FK6u2gv8ronpfeko6fngftma61u foreign key (created_by_uuid) references user|
1613829465954|0|statement|connection 0|select user0_.uuid as uuid1_3_0_, user0_.username as username2_3_0_ from user user0_ where user0_.uuid=?|select user0_.uuid as uuid1_3_0_, user0_.username as username2_3_0_ from user user0_ where user0_.uuid='f7c0ac01-90b8-4e68-b1fe-504b4f9267e4'
1613829465974|0|statement|connection 0|insert into user (username, uuid) values (?, ?)|insert into user (username, uuid) values ('eric', 'f7c0ac01-90b8-4e68-b1fe-504b4f9267e4')
1613829465975|0|commit|connection 0||
1613829465978|0|statement|connection 0|select user0_.uuid as uuid1_3_0_, user0_.username as username2_3_0_ from user user0_ where user0_.uuid=?|select user0_.uuid as uuid1_3_0_, user0_.username as username2_3_0_ from user user0_ where user0_.uuid='4eb22b8b-4ca8-4cd4-b284-90a89415889e'
1613829465979|0|statement|connection 0|insert into user (username, uuid) values (?, ?)|insert into user (username, uuid) values ('vaughn', '4eb22b8b-4ca8-4cd4-b284-90a89415889e')
1613829465979|0|commit|connection 0||
1613829465981|0|statement|connection 0|select user0_.uuid as uuid1_3_0_, user0_.username as username2_3_0_ from user user0_ where user0_.uuid=?|select user0_.uuid as uuid1_3_0_, user0_.username as username2_3_0_ from user user0_ where user0_.uuid='e6e2d94f-fb21-4499-a706-a287566bf00a'
1613829465982|0|statement|connection 0|insert into user (username, uuid) values (?, ?)|insert into user (username, uuid) values ('greg', 'e6e2d94f-fb21-4499-a706-a287566bf00a')
1613829465982|0|commit|connection 0||
1613829465984|0|statement|connection 0|select user0_.uuid as uuid1_3_0_, user0_.username as username2_3_0_ from user user0_ where user0_.uuid=?|select user0_.uuid as uuid1_3_0_, user0_.username as username2_3_0_ from user user0_ where user0_.uuid='adc49ba5-959b-4efa-a4a2-0b7342fd92c9'
1613829465984|0|statement|connection 0|insert into user (username, uuid) values (?, ?)|insert into user (username, uuid) values ('scott', 'adc49ba5-959b-4efa-a4a2-0b7342fd92c9')
1613829465985|0|commit|connection 0||
1613829554074|3|statement|connection 0|select * from INFORMATION_SCHEMA.SEQUENCES|
1613829554545|1|statement|connection 0|drop table if exists customer CASCADE |
1613829554546|0|statement|connection 0|drop table if exists email CASCADE |
1613829554547|1|statement|connection 0|drop table if exists site CASCADE |
1613829554547|0|statement|connection 0|drop table if exists user CASCADE |
1613829554548|0|statement|connection 0|drop sequence if exists hibernate_sequence|
1613829554550|0|statement|connection 0|create sequence hibernate_sequence start with 1 increment by 1|
1613829554551|0|statement|connection 0|create table customer (id bigint not null, city varchar(255), country_id bigint, street_address varchar(255), creation_date date, email varchar(255), name varchar(255), site_id bigint, created_by_uuid varchar(255), primary key (id))|
1613829554552|0|statement|connection 0|create table email (id bigint not null, body varchar(255), from_address varchar(255), subject varchar(255), to_address varchar(255), primary key (id))|
1613829554552|0|statement|connection 0|create table site (id bigint not null, name varchar(255), primary key (id))|
1613829554553|0|statement|connection 0|create table user (uuid varchar(255) not null, username varchar(255), primary key (uuid))|
1613829554554|1|statement|connection 0|alter table customer add constraint FK6u2gv8ronpfeko6fngftma61u foreign key (created_by_uuid) references user|
1613829554778|0|statement|connection 0|select user0_.uuid as uuid1_3_0_, user0_.username as username2_3_0_ from user user0_ where user0_.uuid=?|select user0_.uuid as uuid1_3_0_, user0_.username as username2_3_0_ from user user0_ where user0_.uuid='a93e65ec-52df-4500-ac2a-fbdaf5254f9c'
1613829554796|0|statement|connection 0|insert into user (username, uuid) values (?, ?)|insert into user (username, uuid) values ('eric', 'a93e65ec-52df-4500-ac2a-fbdaf5254f9c')
1613829554798|0|commit|connection 0||
1613829554799|0|statement|connection 0|select user0_.uuid as uuid1_3_0_, user0_.username as username2_3_0_ from user user0_ where user0_.uuid=?|select user0_.uuid as uuid1_3_0_, user0_.username as username2_3_0_ from user user0_ where user0_.uuid='9706967b-e1ea-44c2-ae4c-b018c9aec3cf'
1613829554800|0|statement|connection 0|insert into user (username, uuid) values (?, ?)|insert into user (username, uuid) values ('vaughn', '9706967b-e1ea-44c2-ae4c-b018c9aec3cf')
1613829554800|0|commit|connection 0||
1613829554801|0|statement|connection 0|select user0_.uuid as uuid1_3_0_, user0_.username as username2_3_0_ from user user0_ where user0_.uuid=?|select user0_.uuid as uuid1_3_0_, user0_.username as username2_3_0_ from user user0_ where user0_.uuid='b1d28213-5f81-48fa-bfd7-1a5c8368f8d2'
1613829554802|0|statement|connection 0|insert into user (username, uuid) values (?, ?)|insert into user (username, uuid) values ('greg', 'b1d28213-5f81-48fa-bfd7-1a5c8368f8d2')
1613829554802|0|commit|connection 0||
1613829554804|0|statement|connection 0|select user0_.uuid as uuid1_3_0_, user0_.username as username2_3_0_ from user user0_ where user0_.uuid=?|select user0_.uuid as uuid1_3_0_, user0_.username as username2_3_0_ from user user0_ where user0_.uuid='17fae0ed-0524-4113-b2d2-45f40e631419'
1613829554804|0|statement|connection 0|insert into user (username, uuid) values (?, ?)|insert into user (username, uuid) values ('scott', '17fae0ed-0524-4113-b2d2-45f40e631419')
1613829554805|0|commit|connection 0||
1613829569966|3|statement|connection 0|select * from INFORMATION_SCHEMA.SEQUENCES|
1613829570444|1|statement|connection 0|drop table if exists customer CASCADE |
1613829570445|0|statement|connection 0|drop table if exists email CASCADE |
1613829570446|0|statement|connection 0|drop table if exists site CASCADE |
1613829570447|1|statement|connection 0|drop table if exists user CASCADE |
1613829570447|0|statement|connection 0|drop sequence if exists hibernate_sequence|
1613829570449|0|statement|connection 0|create sequence hibernate_sequence start with 1 increment by 1|
1613829570450|0|statement|connection 0|create table customer (id bigint not null, city varchar(255), country_id bigint, street_address varchar(255), creation_date date, email varchar(255), name varchar(255), site_id bigint, created_by_uuid varchar(255), primary key (id))|
1613829570451|0|statement|connection 0|create table email (id bigint not null, body varchar(255), from_address varchar(255), subject varchar(255), to_address varchar(255), primary key (id))|
1613829570452|0|statement|connection 0|create table site (id bigint not null, name varchar(255), primary key (id))|
1613829570452|0|statement|connection 0|create table user (uuid varchar(255) not null, username varchar(255), primary key (uuid))|
1613829570454|1|statement|connection 0|alter table customer add constraint FK6u2gv8ronpfeko6fngftma61u foreign key (created_by_uuid) references user|
1613829570699|0|statement|connection 0|select user0_.uuid as uuid1_3_0_, user0_.username as username2_3_0_ from user user0_ where user0_.uuid=?|select user0_.uuid as uuid1_3_0_, user0_.username as username2_3_0_ from user user0_ where user0_.uuid='f17aa6ae-595d-4bbc-b19b-b8dc484c71e4'
1613829570721|0|statement|connection 0|insert into user (username, uuid) values (?, ?)|insert into user (username, uuid) values ('eric', 'f17aa6ae-595d-4bbc-b19b-b8dc484c71e4')
1613829570723|0|commit|connection 0||
1613829570724|0|statement|connection 0|select user0_.uuid as uuid1_3_0_, user0_.username as username2_3_0_ from user user0_ where user0_.uuid=?|select user0_.uuid as uuid1_3_0_, user0_.username as username2_3_0_ from user user0_ where user0_.uuid='e615eeed-45da-4553-99dc-b814eb5d2cc3'
1613829570725|0|statement|connection 0|insert into user (username, uuid) values (?, ?)|insert into user (username, uuid) values ('vaughn', 'e615eeed-45da-4553-99dc-b814eb5d2cc3')
1613829570725|0|commit|connection 0||
1613829570726|0|statement|connection 0|select user0_.uuid as uuid1_3_0_, user0_.username as username2_3_0_ from user user0_ where user0_.uuid=?|select user0_.uuid as uuid1_3_0_, user0_.username as username2_3_0_ from user user0_ where user0_.uuid='dc6b587d-7354-4744-990e-bb1a6bd2a66b'
1613829570727|0|statement|connection 0|insert into user (username, uuid) values (?, ?)|insert into user (username, uuid) values ('greg', 'dc6b587d-7354-4744-990e-bb1a6bd2a66b')
1613829570727|0|commit|connection 0||
1613829570729|0|statement|connection 0|select user0_.uuid as uuid1_3_0_, user0_.username as username2_3_0_ from user user0_ where user0_.uuid=?|select user0_.uuid as uuid1_3_0_, user0_.username as username2_3_0_ from user user0_ where user0_.uuid='fc9c44ab-34cd-49fa-ae6e-2a55cdfa1812'
1613829570730|0|statement|connection 0|insert into user (username, uuid) values (?, ?)|insert into user (username, uuid) values ('scott', 'fc9c44ab-34cd-49fa-ae6e-2a55cdfa1812')
1613829570730|0|commit|connection 0||
1613829584259|2|statement|connection 0|select * from INFORMATION_SCHEMA.SEQUENCES|
1613829584747|1|statement|connection 0|drop table if exists customer CASCADE |
1613829584748|0|statement|connection 0|drop table if exists email CASCADE |
1613829584748|0|statement|connection 0|drop table if exists site CASCADE |
1613829584749|0|statement|connection 0|drop table if exists user CASCADE |
1613829584749|0|statement|connection 0|drop sequence if exists hibernate_sequence|
1613829584751|0|statement|connection 0|create sequence hibernate_sequence start with 1 increment by 1|
1613829584752|0|statement|connection 0|create table customer (id bigint not null, city varchar(255), country_id bigint, street_address varchar(255), creation_date date, email varchar(255), name varchar(255), site_id bigint, created_by_uuid varchar(255), primary key (id))|
1613829584753|0|statement|connection 0|create table email (id bigint not null, body varchar(255), from_address varchar(255), subject varchar(255), to_address varchar(255), primary key (id))|
1613829584754|0|statement|connection 0|create table site (id bigint not null, name varchar(255), primary key (id))|
1613829584755|1|statement|connection 0|create table user (uuid varchar(255) not null, username varchar(255), primary key (uuid))|
1613829584756|1|statement|connection 0|alter table customer add constraint FK6u2gv8ronpfeko6fngftma61u foreign key (created_by_uuid) references user|
1613829585003|0|statement|connection 0|select user0_.uuid as uuid1_3_0_, user0_.username as username2_3_0_ from user user0_ where user0_.uuid=?|select user0_.uuid as uuid1_3_0_, user0_.username as username2_3_0_ from user user0_ where user0_.uuid='dc5510d5-ed20-4f65-8e85-d15f473bf1d3'
1613829585032|0|statement|connection 0|insert into user (username, uuid) values (?, ?)|insert into user (username, uuid) values ('eric', 'dc5510d5-ed20-4f65-8e85-d15f473bf1d3')
1613829585034|0|commit|connection 0||
1613829585035|0|statement|connection 0|select user0_.uuid as uuid1_3_0_, user0_.username as username2_3_0_ from user user0_ where user0_.uuid=?|select user0_.uuid as uuid1_3_0_, user0_.username as username2_3_0_ from user user0_ where user0_.uuid='bd4d316d-f981-420f-aa92-19e7d5559e52'
1613829585036|0|statement|connection 0|insert into user (username, uuid) values (?, ?)|insert into user (username, uuid) values ('vaughn', 'bd4d316d-f981-420f-aa92-19e7d5559e52')
1613829585037|0|commit|connection 0||
1613829585038|0|statement|connection 0|select user0_.uuid as uuid1_3_0_, user0_.username as username2_3_0_ from user user0_ where user0_.uuid=?|select user0_.uuid as uuid1_3_0_, user0_.username as username2_3_0_ from user user0_ where user0_.uuid='a5986f17-7e6f-4080-bd9c-f59216226d3b'
1613829585039|0|statement|connection 0|insert into user (username, uuid) values (?, ?)|insert into user (username, uuid) values ('greg', 'a5986f17-7e6f-4080-bd9c-f59216226d3b')
1613829585039|0|commit|connection 0||
1613829585040|0|statement|connection 0|select user0_.uuid as uuid1_3_0_, user0_.username as username2_3_0_ from user user0_ where user0_.uuid=?|select user0_.uuid as uuid1_3_0_, user0_.username as username2_3_0_ from user user0_ where user0_.uuid='bf6363d8-f559-4de8-b0d7-516fc94ae8fc'
1613829585041|0|statement|connection 0|insert into user (username, uuid) values (?, ?)|insert into user (username, uuid) values ('scott', 'bf6363d8-f559-4de8-b0d7-516fc94ae8fc')
1613829585041|0|commit|connection 0||
1613829626395|2|statement|connection 0|select * from INFORMATION_SCHEMA.SEQUENCES|
1613829626860|1|statement|connection 0|drop table if exists customer CASCADE |
1613829626861|0|statement|connection 0|drop table if exists email CASCADE |
1613829626861|0|statement|connection 0|drop table if exists site CASCADE |
1613829626862|0|statement|connection 0|drop table if exists user CASCADE |
1613829626862|0|statement|connection 0|drop sequence if exists hibernate_sequence|
1613829626864|0|statement|connection 0|create sequence hibernate_sequence start with 1 increment by 1|
1613829626865|0|statement|connection 0|create table customer (id bigint not null, city varchar(255), country_id bigint, street_address varchar(255), creation_date date, email varchar(255), name varchar(255), site_id bigint, created_by_uuid varchar(255), primary key (id))|
1613829626866|0|statement|connection 0|create table email (id bigint not null, body varchar(255), from_address varchar(255), subject varchar(255), to_address varchar(255), primary key (id))|
1613829626866|0|statement|connection 0|create table site (id bigint not null, name varchar(255), primary key (id))|
1613829626868|1|statement|connection 0|create table user (uuid varchar(255) not null, username varchar(255), primary key (uuid))|
1613829626870|1|statement|connection 0|alter table customer add constraint FK6u2gv8ronpfeko6fngftma61u foreign key (created_by_uuid) references user|
1613829627096|0|statement|connection 0|select user0_.uuid as uuid1_3_0_, user0_.username as username2_3_0_ from user user0_ where user0_.uuid=?|select user0_.uuid as uuid1_3_0_, user0_.username as username2_3_0_ from user user0_ where user0_.uuid='25dd0e5a-a06f-4bfa-975c-b8128653d28e'
1613829627115|0|statement|connection 0|insert into user (username, uuid) values (?, ?)|insert into user (username, uuid) values ('eric', '25dd0e5a-a06f-4bfa-975c-b8128653d28e')
1613829627116|0|commit|connection 0||
1613829627118|0|statement|connection 0|select user0_.uuid as uuid1_3_0_, user0_.username as username2_3_0_ from user user0_ where user0_.uuid=?|select user0_.uuid as uuid1_3_0_, user0_.username as username2_3_0_ from user user0_ where user0_.uuid='3459baad-d27f-4cf9-a8e7-9d1cc785a57c'
1613829627118|0|statement|connection 0|insert into user (username, uuid) values (?, ?)|insert into user (username, uuid) values ('vaughn', '3459baad-d27f-4cf9-a8e7-9d1cc785a57c')
1613829627119|0|commit|connection 0||
1613829627120|0|statement|connection 0|select user0_.uuid as uuid1_3_0_, user0_.username as username2_3_0_ from user user0_ where user0_.uuid=?|select user0_.uuid as uuid1_3_0_, user0_.username as username2_3_0_ from user user0_ where user0_.uuid='45071bf7-2d6c-484d-bf76-983e7b79f0f5'
1613829627120|0|statement|connection 0|insert into user (username, uuid) values (?, ?)|insert into user (username, uuid) values ('greg', '45071bf7-2d6c-484d-bf76-983e7b79f0f5')
1613829627121|0|commit|connection 0||
1613829627122|0|statement|connection 0|select user0_.uuid as uuid1_3_0_, user0_.username as username2_3_0_ from user user0_ where user0_.uuid=?|select user0_.uuid as uuid1_3_0_, user0_.username as username2_3_0_ from user user0_ where user0_.uuid='54515f9c-fdb5-4062-a4dd-9df40d5660b8'
1613829627123|0|statement|connection 0|insert into user (username, uuid) values (?, ?)|insert into user (username, uuid) values ('scott', '54515f9c-fdb5-4062-a4dd-9df40d5660b8')
1613829627123|0|commit|connection 0||
1613829643443|2|statement|connection 0|select * from INFORMATION_SCHEMA.SEQUENCES|
1613829643914|1|statement|connection 0|drop table if exists customer CASCADE |
1613829643915|0|statement|connection 0|drop table if exists email CASCADE |
1613829643916|0|statement|connection 0|drop table if exists site CASCADE |
1613829643916|0|statement|connection 0|drop table if exists user CASCADE |
1613829643917|0|statement|connection 0|drop sequence if exists hibernate_sequence|
1613829643919|0|statement|connection 0|create sequence hibernate_sequence start with 1 increment by 1|
1613829643921|0|statement|connection 0|create table customer (id bigint not null, city varchar(255), country_id bigint, street_address varchar(255), creation_date date, email varchar(255), name varchar(255), site_id bigint, created_by_uuid varchar(255), primary key (id))|
1613829643921|0|statement|connection 0|create table email (id bigint not null, body varchar(255), from_address varchar(255), subject varchar(255), to_address varchar(255), primary key (id))|
1613829643922|0|statement|connection 0|create table site (id bigint not null, name varchar(255), primary key (id))|
1613829643923|0|statement|connection 0|create table user (uuid varchar(255) not null, username varchar(255), primary key (uuid))|
1613829643924|1|statement|connection 0|alter table customer add constraint FK6u2gv8ronpfeko6fngftma61u foreign key (created_by_uuid) references user|
1613829644150|0|statement|connection 0|select user0_.uuid as uuid1_3_0_, user0_.username as username2_3_0_ from user user0_ where user0_.uuid=?|select user0_.uuid as uuid1_3_0_, user0_.username as username2_3_0_ from user user0_ where user0_.uuid='6401133d-23d2-4e57-908a-f5437921776d'
1613829644168|0|statement|connection 0|insert into user (username, uuid) values (?, ?)|insert into user (username, uuid) values ('eric', '6401133d-23d2-4e57-908a-f5437921776d')
1613829644170|0|commit|connection 0||
1613829644172|0|statement|connection 0|select user0_.uuid as uuid1_3_0_, user0_.username as username2_3_0_ from user user0_ where user0_.uuid=?|select user0_.uuid as uuid1_3_0_, user0_.username as username2_3_0_ from user user0_ where user0_.uuid='a90ce112-a17c-42de-bb58-39facd3aa6eb'
1613829644172|0|statement|connection 0|insert into user (username, uuid) values (?, ?)|insert into user (username, uuid) values ('vaughn', 'a90ce112-a17c-42de-bb58-39facd3aa6eb')
1613829644173|0|commit|connection 0||
1613829644174|0|statement|connection 0|select user0_.uuid as uuid1_3_0_, user0_.username as username2_3_0_ from user user0_ where user0_.uuid=?|select user0_.uuid as uuid1_3_0_, user0_.username as username2_3_0_ from user user0_ where user0_.uuid='43b9cfb4-3a06-407a-be8f-f6a0d688577b'
1613829644175|0|statement|connection 0|insert into user (username, uuid) values (?, ?)|insert into user (username, uuid) values ('greg', '43b9cfb4-3a06-407a-be8f-f6a0d688577b')
1613829644175|0|commit|connection 0||
1613829644176|0|statement|connection 0|select user0_.uuid as uuid1_3_0_, user0_.username as username2_3_0_ from user user0_ where user0_.uuid=?|select user0_.uuid as uuid1_3_0_, user0_.username as username2_3_0_ from user user0_ where user0_.uuid='304fb850-2b9c-484f-aeab-0ac477bb2603'
1613829644177|0|statement|connection 0|insert into user (username, uuid) values (?, ?)|insert into user (username, uuid) values ('scott', '304fb850-2b9c-484f-aeab-0ac477bb2603')
1613829644177|0|commit|connection 0||
